<?xml version="1.0" encoding="UTF-8"?>
<!-- Generated by org.testng.reporters.JUnitReportReporter -->
<testsuite hostname="DESKTOP-5PUGN99" failures="0" tests="1" name="com.WEBDRIVER_PRACTICE.OrangehrmTables" time="11.666" errors="0" timestamp="2022-11-12T19:33:55 IST" skipped="0">
  <testcase classname="com.WEBDRIVER_PRACTICE.OrangehrmTables" name="tablesInOrangeHrm" time="11.666"/>
  <system-out/>
</testsuite> <!-- com.WEBDRIVER_PRACTICE.OrangehrmTables -->
