<?xml version="1.0" encoding="UTF-8"?>
<!-- Generated by org.testng.reporters.JUnitReportReporter -->
<testsuite hostname="DESKTOP-5PUGN99" failures="0" tests="1" name="com.WEBDRIVER_PRACTICE.TablesInOrgHrm" time="20.802" errors="0" timestamp="2022-11-12T19:33:16 IST" skipped="0">
  <testcase classname="com.WEBDRIVER_PRACTICE.TablesInOrgHrm" name="f" time="20.802"/>
  <system-out/>
</testsuite> <!-- com.WEBDRIVER_PRACTICE.TablesInOrgHrm -->
