<?xml version="1.0" encoding="UTF-8"?>
<!-- Generated by org.testng.reporters.JUnitReportReporter -->
<testsuite hostname="DESKTOP-5PUGN99" failures="0" tests="1" name="com.WEBDRIVER_PRACTICE.FileHandleUsingNotepad" time="76.724" errors="0" timestamp="2022-11-17T19:41:01 IST" skipped="0">
  <testcase classname="com.WEBDRIVER_PRACTICE.FileHandleUsingNotepad" name="f" time="76.724"/>
  <system-out/>
</testsuite> <!-- com.WEBDRIVER_PRACTICE.FileHandleUsingNotepad -->
