<?xml version="1.0" encoding="UTF-8"?>
<!-- Generated by org.testng.reporters.JUnitReportReporter -->
<testsuite hostname="DESKTOP-5PUGN99" failures="0" tests="1" name="DriverFactory.Hybrid_DriverScript" time="53.906" errors="0" timestamp="2022-12-04T14:24:55 IST" skipped="0">
  <testcase classname="DriverFactory.Hybrid_DriverScript" name="startTest" time="53.906"/>
  <system-out>
    <![CDATA[login success::adminflow  http://primusbank.qedgetech.com/adminflow.aspx
Admin Logout Sucessful
login success::adminflow  http://primusbank.qedgetech.com/adminflow.aspx
Branch creation success:: New Branch with id 20 created Sucessfully   New branch with
Admin Logout Sucessful
login success::adminflow  http://primusbank.qedgetech.com/adminflow.aspx
Branch Updated success:: Branch updated Sucessfully   Branch updated
Admin Logout Sucessful
login success::adminflow  http://primusbank.qedgetech.com/adminflow.aspx
Role creation success:: New Role with id 13 Created Sucessfully   New Role
Admin Logout Sucessful]]>
  </system-out>
</testsuite> <!-- DriverFactory.Hybrid_DriverScript -->
