<?xml version="1.0" encoding="UTF-8"?>
<!-- Generated by org.testng.reporters.JUnitReportReporter -->
<testsuite hostname="DESKTOP-5PUGN99" failures="0" tests="1" name="com.WEBDRIVER_PRACTICE.SpootifyXpath" time="24.071" errors="0" timestamp="2022-11-14T15:25:47 IST" skipped="0">
  <testcase classname="com.WEBDRIVER_PRACTICE.SpootifyXpath" name="SpootifyLoginForm" time="24.071"/>
  <system-out/>
</testsuite> <!-- com.WEBDRIVER_PRACTICE.SpootifyXpath -->
