<?xml version="1.0" encoding="UTF-8"?>
<!-- Generated by org.testng.reporters.JUnitReportReporter -->
<testsuite hostname="DESKTOP-5PUGN99" failures="0" tests="1" name="com.WEBDRIVER_PRACTICE.IRTC" time="26.226" errors="0" timestamp="2022-11-11T19:47:11 IST" skipped="0">
  <testcase classname="com.WEBDRIVER_PRACTICE.IRTC" name="Irtc" time="26.226"/>
  <system-out/>
</testsuite> <!-- com.WEBDRIVER_PRACTICE.IRTC -->
