<?xml version="1.0" encoding="UTF-8"?>
<!-- Generated by org.testng.reporters.JUnitReportReporter -->
<testsuite hostname="DESKTOP-5PUGN99" failures="0" tests="1" name="AnnotationsInTestNG.EXtentreports" time="8.434" errors="0" timestamp="2022-11-21T14:35:11 IST" skipped="0">
  <testcase classname="AnnotationsInTestNG.EXtentreports" name="PassTest" time="8.434"/>
  <system-out/>
</testsuite> <!-- AnnotationsInTestNG.EXtentreports -->
