<?xml version="1.0" encoding="UTF-8"?>
<!-- Generated by org.testng.reporters.JUnitReportReporter -->
<testsuite hostname="DESKTOP-5PUGN99" failures="0" tests="1" name="DriverFactory.DataDrivenScript" time="22.799" errors="0" timestamp="2022-11-26T22:18:33 IST" skipped="0">
  <testcase classname="DriverFactory.DataDrivenScript" name="VerifyLogin" time="22.799"/>
  <system-out>
    <![CDATA[no of rows are::7
Login success::dashboard  http://orangehrm.qedgetech.com/symfony/web/index.php/dashboard
Login fail::dashboard  http://orangehrm.qedgetech.com/symfony/web/index.php/auth/validateCredentials
Login success::dashboard  http://orangehrm.qedgetech.com/symfony/web/index.php/dashboard
Login fail::dashboard  http://orangehrm.qedgetech.com/symfony/web/index.php/auth/login
Login fail::dashboard  http://orangehrm.qedgetech.com/symfony/web/index.php/auth/validateCredentials
Login fail::dashboard  http://orangehrm.qedgetech.com/symfony/web/index.php/auth/login
Login success::dashboard  http://orangehrm.qedgetech.com/symfony/web/index.php/dashboard]]>
  </system-out>
</testsuite> <!-- DriverFactory.DataDrivenScript -->
