<?xml version="1.0" encoding="UTF-8"?>
<!-- Generated by org.testng.reporters.JUnitReportReporter -->
<testsuite hostname="DESKTOP-5PUGN99" failures="0" tests="3" name="AnnotationsInTestNG.InvocationCount" time="57.703" errors="0" timestamp="2022-11-17T14:32:01 IST" skipped="0">
  <testcase classname="AnnotationsInTestNG.InvocationCount" name="primusIBank" time="9.249"/>
  <system-out>
    <![CDATA[primusIBank is executed sucessfully]]>
  </system-out>
  <testcase classname="AnnotationsInTestNG.InvocationCount" name="primusCBank" time="24.333"/>
  <system-out>
    <![CDATA[primusCBank is executed sucessfully]]>
  </system-out>
  <testcase classname="AnnotationsInTestNG.InvocationCount" name="primusCBank" time="24.121"/>
  <system-out>
    <![CDATA[primusCBank is executed sucessfully]]>
  </system-out>
</testsuite> <!-- AnnotationsInTestNG.InvocationCount -->
