<?xml version="1.0" encoding="UTF-8"?>
<!-- Generated by org.testng.reporters.JUnitReportReporter -->
<testsuite hostname="DESKTOP-5PUGN99" failures="0" tests="1" name="AnnotationsInTestNG.Read_DATA_FROM_EXCEL" time="40.162" errors="0" timestamp="2022-11-18T21:08:22 IST" skipped="0">
  <testcase classname="AnnotationsInTestNG.Read_DATA_FROM_EXCEL" name="Login" time="40.162"/>
  <system-out>
    <![CDATA[no of rows in the sheet::9
10  20000  10% of 20000 = 2000
2  2500  2% of 2500 = 50
3  30000  3% of 30000 = 900
5  10000  5% of 10000 = 500
15  2000000  15% of 2000000 = 300000
6  50000  6% of 50000 = 3000
20  1000000  20% of 1000000 = 200000
11  300000  11% of 300000 = 33000
4  250000  4% of 250000 = 10000]]>
  </system-out>
</testsuite> <!-- AnnotationsInTestNG.Read_DATA_FROM_EXCEL -->
