<?xml version="1.0" encoding="UTF-8"?>
<!-- Generated by org.testng.reporters.JUnitReportReporter -->
<testsuite hostname="DESKTOP-5PUGN99" failures="0" tests="4" name="com.WEBDRIVER_PRACTICE.TestngTest" time="13.075" errors="0" timestamp="2022-11-17T13:39:13 IST" skipped="0">
  <testcase classname="com.WEBDRIVER_PRACTICE.TestngTest" name="primusIBank" time="3.113"/>
  <system-out>
    <![CDATA[primusIBank is executed sucessfully]]>
  </system-out>
  <testcase classname="com.WEBDRIVER_PRACTICE.TestngTest" name="primusIBank" time="3.478"/>
  <system-out>
    <![CDATA[primusIBank is executed sucessfully]]>
  </system-out>
  <testcase classname="com.WEBDRIVER_PRACTICE.TestngTest" name="primusIBank" time="3.107"/>
  <system-out>
    <![CDATA[primusIBank is executed sucessfully]]>
  </system-out>
  <testcase classname="com.WEBDRIVER_PRACTICE.TestngTest" name="primusCBank" time="3.377"/>
  <system-out>
    <![CDATA[primusCBank is executed sucessfully]]>
  </system-out>
</testsuite> <!-- com.WEBDRIVER_PRACTICE.TestngTest -->
