<?xml version="1.0" encoding="UTF-8"?>
<!-- Generated by org.testng.reporters.JUnitReportReporter -->
<testsuite hostname="DESKTOP-5PUGN99" failures="0" tests="1" name="DriverFactory.Pom_Driver_Script" time="14.509" errors="0" timestamp="2022-12-01T16:09:40 IST" skipped="0">
  <testcase classname="DriverFactory.Pom_Driver_Script" name="Employee" time="14.509"/>
  <system-out/>
</testsuite> <!-- DriverFactory.Pom_Driver_Script -->
