<?xml version="1.0" encoding="UTF-8"?>
<!-- Generated by org.testng.reporters.JUnitReportReporter -->
<testsuite hostname="DESKTOP-5PUGN99" failures="0" tests="3" name="com.WEBDRIVER_PRACTICE.calculation" time="51.880" errors="0" timestamp="2022-11-17T14:32:01 IST" skipped="1">
  <testcase classname="com.WEBDRIVER_PRACTICE.calculation" name="Multiplication" time="17.200"/>
  <system-out>
    <![CDATA[Executing the multiplication operation sucessfully]]>
  </system-out>
  <testcase classname="com.WEBDRIVER_PRACTICE.calculation" name="addition" time="34.680"/>
  <system-out>
    <![CDATA[Executing the Addition operation sucessfully]]>
  </system-out>
  <testcase classname="com.WEBDRIVER_PRACTICE.calculation" name="Subtraction">
    <skipped/>
  </testcase> <!-- Subtraction -->
  <system-out/>
</testsuite> <!-- com.WEBDRIVER_PRACTICE.calculation -->
